<?xml version="1.0" encoding="UTF-8"?>
<!-- Generated by org.testng.reporters.JUnitXMLReporter -->
<testsuite ignored="0" hostname="ANUJA" failures="0" tests="4" name="Test" time="52.237" errors="0" timestamp="2022-03-19T09:50:01 IST">
  <testcase classname="testcases.LoginTest" name="ExternalDataTest" time="8.93"/>
  <testcase classname="testcases.LoginTest" name="LoginFailureTest" time="8.557"/>
  <testcase classname="testcases.LoginTest" name="LoginSuccessTest" time="8.771"/>
  <testcase classname="testcases.LoginTest" name="ParameterisedTest" time="9.311"/>
</testsuite> <!-- Test -->
