<?xml version="1.0" encoding="UTF-8"?>
<!-- Generated by org.testng.reporters.JUnitXMLReporter -->
<testsuite hostname="ANUJA" ignored="0" name="Test" tests="4" failures="0" timestamp="2022-03-19T09:40:57 IST" time="56.674" errors="0">
  <testcase name="ExternalDataTest" time="9.034" classname="testcases.LoginTest"/>
  <testcase name="LoginFailureTest" time="9.083" classname="testcases.LoginTest"/>
  <testcase name="LoginSuccessTest" time="9.681" classname="testcases.LoginTest"/>
  <testcase name="ParameterisedTest" time="6.53" classname="testcases.LoginTest"/>
</testsuite> <!-- Test -->
