<?xml version="1.0" encoding="UTF-8"?>
<testng-results ignored="0" total="4" passed="4" failed="0" skipped="0">
  <reporter-output>
  </reporter-output>
  <suite started-at="2022-03-19T09:49:09 IST" name="Suite" finished-at="2022-03-19T09:50:01 IST" duration-ms="52237">
    <groups>
    </groups>
    <test started-at="2022-03-19T09:49:09 IST" name="Test" finished-at="2022-03-19T09:50:01 IST" duration-ms="52237">
      <class name="testcases.LoginTest">
        <test-method is-config="true" signature="DataSetup()[pri:0, instance:testcases.LoginTest@4b45a2f5]" started-at="2022-03-19T09:49:09 IST" name="DataSetup" finished-at="2022-03-19T09:49:10 IST" duration-ms="1188" status="PASS">
          <reporter-output>
          </reporter-output>
        </test-method> <!-- DataSetup -->
        <test-method is-config="true" signature="Setup(java.lang.reflect.Method)[pri:0, instance:testcases.LoginTest@4b45a2f5]" started-at="2022-03-19T09:49:10 IST" name="Setup" finished-at="2022-03-19T09:49:15 IST" duration-ms="4174" status="PASS">
          <params>
            <param index="0">
              <value>
                <![CDATA[public void testcases.LoginTest.ExternalDataTest()]]>
              </value>
            </param>
          </params>
          <reporter-output>
          </reporter-output>
        </test-method> <!-- Setup -->
        <test-method signature="ExternalDataTest()[pri:0, instance:testcases.LoginTest@4b45a2f5]" started-at="2022-03-19T09:49:15 IST" name="ExternalDataTest" finished-at="2022-03-19T09:49:24 IST" duration-ms="8930" status="PASS">
          <reporter-output>
          </reporter-output>
        </test-method> <!-- ExternalDataTest -->
        <test-method is-config="true" signature="TearDown()[pri:0, instance:testcases.LoginTest@4b45a2f5]" started-at="2022-03-19T09:49:24 IST" name="TearDown" finished-at="2022-03-19T09:49:24 IST" duration-ms="472" status="PASS">
          <reporter-output>
          </reporter-output>
        </test-method> <!-- TearDown -->
        <test-method is-config="true" signature="Setup(java.lang.reflect.Method)[pri:0, instance:testcases.LoginTest@4b45a2f5]" started-at="2022-03-19T09:49:24 IST" name="Setup" finished-at="2022-03-19T09:49:27 IST" duration-ms="2971" status="PASS">
          <params>
            <param index="0">
              <value>
                <![CDATA[public void testcases.LoginTest.LoginFailureTest()]]>
              </value>
            </param>
          </params>
          <reporter-output>
          </reporter-output>
        </test-method> <!-- Setup -->
        <test-method signature="LoginFailureTest()[pri:0, instance:testcases.LoginTest@4b45a2f5]" started-at="2022-03-19T09:49:27 IST" name="LoginFailureTest" finished-at="2022-03-19T09:49:36 IST" duration-ms="8557" status="PASS">
          <reporter-output>
          </reporter-output>
        </test-method> <!-- LoginFailureTest -->
        <test-method is-config="true" signature="TearDown()[pri:0, instance:testcases.LoginTest@4b45a2f5]" started-at="2022-03-19T09:49:36 IST" name="TearDown" finished-at="2022-03-19T09:49:36 IST" duration-ms="259" status="PASS">
          <reporter-output>
          </reporter-output>
        </test-method> <!-- TearDown -->
        <test-method is-config="true" signature="Setup(java.lang.reflect.Method)[pri:0, instance:testcases.LoginTest@4b45a2f5]" started-at="2022-03-19T09:49:36 IST" name="Setup" finished-at="2022-03-19T09:49:39 IST" duration-ms="3135" status="PASS">
          <params>
            <param index="0">
              <value>
                <![CDATA[public void testcases.LoginTest.LoginSuccessTest()]]>
              </value>
            </param>
          </params>
          <reporter-output>
          </reporter-output>
        </test-method> <!-- Setup -->
        <test-method signature="LoginSuccessTest()[pri:0, instance:testcases.LoginTest@4b45a2f5]" started-at="2022-03-19T09:49:39 IST" name="LoginSuccessTest" finished-at="2022-03-19T09:49:48 IST" duration-ms="8771" status="PASS">
          <reporter-output>
          </reporter-output>
        </test-method> <!-- LoginSuccessTest -->
        <test-method is-config="true" signature="TearDown()[pri:0, instance:testcases.LoginTest@4b45a2f5]" started-at="2022-03-19T09:49:48 IST" name="TearDown" finished-at="2022-03-19T09:49:48 IST" duration-ms="421" status="PASS">
          <reporter-output>
          </reporter-output>
        </test-method> <!-- TearDown -->
        <test-method is-config="true" signature="Setup(java.lang.reflect.Method)[pri:0, instance:testcases.LoginTest@4b45a2f5]" started-at="2022-03-19T09:49:48 IST" name="Setup" finished-at="2022-03-19T09:49:51 IST" duration-ms="2726" status="PASS">
          <params>
            <param index="0">
              <value>
                <![CDATA[public void testcases.LoginTest.ParameterisedTest(java.lang.String,java.lang.String)]]>
              </value>
            </param>
          </params>
          <reporter-output>
          </reporter-output>
        </test-method> <!-- Setup -->
        <test-method signature="ParameterisedTest(java.lang.String,java.lang.String)[pri:0, instance:testcases.LoginTest@4b45a2f5]" started-at="2022-03-19T09:49:51 IST" name="ParameterisedTest" finished-at="2022-03-19T09:50:00 IST" duration-ms="9311" status="PASS">
          <params>
            <param index="0">
              <value>
                <![CDATA[xyz@abc.com]]>
              </value>
            </param>
            <param index="1">
              <value>
                <![CDATA[Abc@12345]]>
              </value>
            </param>
          </params>
          <reporter-output>
          </reporter-output>
        </test-method> <!-- ParameterisedTest -->
        <test-method is-config="true" signature="TearDown()[pri:0, instance:testcases.LoginTest@4b45a2f5]" started-at="2022-03-19T09:50:00 IST" name="TearDown" finished-at="2022-03-19T09:50:01 IST" duration-ms="399" status="PASS">
          <reporter-output>
          </reporter-output>
        </test-method> <!-- TearDown -->
        <test-method is-config="true" signature="DataTearDown()[pri:0, instance:testcases.LoginTest@4b45a2f5]" started-at="2022-03-19T09:50:01 IST" name="DataTearDown" finished-at="2022-03-19T09:50:01 IST" duration-ms="840" status="PASS">
          <reporter-output>
          </reporter-output>
        </test-method> <!-- DataTearDown -->
      </class> <!-- testcases.LoginTest -->
    </test> <!-- Test -->
  </suite> <!-- Suite -->
</testng-results>
